13:22:05.558 [main] INFO  testcases.Tc_001_ValidateAccountRegestration - Choose browser
13:22:07.909 [main] INFO  testcases.Tc_001_ValidateAccountRegestration - Application Url is opening......
13:22:09.105 [main] INFO  testcases.Tc_001_ValidateAccountRegestration - Home page is opened
13:22:10.243 [main] INFO  testcases.Tc_001_ValidateAccountRegestration - Regestration page willm open
13:22:10.246 [main] INFO  testcases.Tc_001_ValidateAccountRegestration - Provide customer details
13:22:11.175 [main] INFO  testcases.Tc_001_ValidateAccountRegestration - Click Continue nutton
13:22:21.838 [main] ERROR testcases.Tc_001_ValidateAccountRegestration - test fail
13:22:21.872 [main] INFO  testcases.Tc_001_ValidateAccountRegestration - driver is closing....
13:28:26.366 [main] INFO  testcases.Tc_001_ValidateAccountRegestration - Choose browser
13:28:29.232 [main] INFO  testcases.Tc_001_ValidateAccountRegestration - Application Url is opening......
13:28:30.677 [main] INFO  testcases.Tc_001_ValidateAccountRegestration - Home page is opened
13:28:32.740 [main] INFO  testcases.Tc_001_ValidateAccountRegestration - Regestration page willm open
13:28:32.743 [main] INFO  testcases.Tc_001_ValidateAccountRegestration - Provide customer details
13:28:33.667 [main] INFO  testcases.Tc_001_ValidateAccountRegestration - Click Continue nutton
13:28:44.521 [main] ERROR testcases.Tc_001_ValidateAccountRegestration - test fail
13:28:44.908 [main] INFO  testcases.Tc_001_ValidateAccountRegestration - driver is closing....
20:10:28.708 [main] INFO  testcases.Tc_001_ValidateAccountRegestration - Choose browser
20:10:32.173 [main] INFO  testcases.Tc_001_ValidateAccountRegestration - Application Url is opening......
20:10:33.452 [main] INFO  testcases.Tc_001_ValidateAccountRegestration - Home page is opened
20:10:36.061 [main] INFO  testcases.Tc_001_ValidateAccountRegestration - Regestration page willm open
20:10:36.081 [main] INFO  testcases.Tc_001_ValidateAccountRegestration - Provide customer details
20:10:36.939 [main] INFO  testcases.Tc_001_ValidateAccountRegestration - Click Continue nutton
20:10:48.647 [main] ERROR testcases.Tc_001_ValidateAccountRegestration - test fail
20:10:49.409 [main] INFO  testcases.Tc_001_ValidateAccountRegestration - driver is closing....
21:44:47.233 [main] INFO  testcases.Tc_002_ValidateloginFunctionality - Choose browser
21:44:50.965 [main] INFO  testcases.Tc_002_ValidateloginFunctionality - Application Url is opening......
21:44:56.375 [main] INFO  testcases.Tc_002_ValidateloginFunctionality - driver is closing....
21:45:26.723 [main] INFO  testcases.Tc_002_ValidateloginFunctionality - Choose browser
21:45:28.997 [main] INFO  testcases.Tc_002_ValidateloginFunctionality - Application Url is opening......
21:45:32.183 [main] INFO  testcases.Tc_002_ValidateloginFunctionality - driver is closing....
21:47:55.257 [main] INFO  testcases.Tc_002_ValidateloginFunctionality - Choose browser
21:47:57.197 [main] INFO  testcases.Tc_002_ValidateloginFunctionality - Application Url is opening......
21:48:01.459 [main] INFO  testcases.Tc_002_ValidateloginFunctionality - driver is closing....
11:39:06.747 [main] INFO  testcases.Tc_003_validateLogintest_bydatadriven - Choose browser
11:39:10.970 [main] INFO  testcases.Tc_003_validateLogintest_bydatadriven - Application Url is opening......
11:40:24.048 [main] INFO  testcases.Tc_003_validateLogintest_bydatadriven - driver is closing....
11:51:48.268 [main] INFO  testcases.Tc_003_validateLogintest_bydatadriven - Choose browser
11:51:50.568 [main] INFO  testcases.Tc_003_validateLogintest_bydatadriven - Application Url is opening......
11:51:56.980 [main] INFO  testcases.Tc_003_validateLogintest_bydatadriven - driver is closing....
11:53:32.543 [main] INFO  testcases.Tc_003_validateLogintest_bydatadriven - Choose browser
11:53:33.969 [main] INFO  testcases.Tc_003_validateLogintest_bydatadriven - Application Url is opening......
11:53:35.491 [main] INFO  testcases.Tc_003_validateLogintest_bydatadriven - driver is closing....
11:55:18.371 [main] INFO  testcases.Tc_003_validateLogintest_bydatadriven - Choose browser
11:55:20.160 [main] INFO  testcases.Tc_003_validateLogintest_bydatadriven - Application Url is opening......
11:55:21.433 [main] INFO  testcases.Tc_003_validateLogintest_bydatadriven - driver is closing....
11:58:58.092 [main] INFO  testcases.Tc_003_validateLogintest_bydatadriven - Choose browser
11:59:00.144 [main] INFO  testcases.Tc_003_validateLogintest_bydatadriven - Application Url is opening......
11:59:50.100 [main] INFO  testcases.Tc_003_validateLogintest_bydatadriven - driver is closing....
12:11:43.160 [main] INFO  testcases.Tc_003_validateLogintest_bydatadriven - Choose browser
12:11:44.692 [main] INFO  testcases.Tc_003_validateLogintest_bydatadriven - Application Url is opening......
12:12:44.749 [main] INFO  testcases.Tc_003_validateLogintest_bydatadriven - driver is closing....
12:15:54.092 [main] INFO  testcases.Tc_003_validateLogintest_bydatadriven - Choose browser
12:15:56.081 [main] INFO  testcases.Tc_003_validateLogintest_bydatadriven - Application Url is opening......
12:18:03.561 [main] INFO  testcases.Tc_003_validateLogintest_bydatadriven - Choose browser
12:18:04.980 [main] INFO  testcases.Tc_003_validateLogintest_bydatadriven - Application Url is opening......
12:36:39.440 [main] INFO  testcases.Tc_003_validateLogintest_bydatadriven - Choose browser
12:36:41.919 [main] INFO  testcases.Tc_003_validateLogintest_bydatadriven - Application Url is opening......
12:37:41.031 [main] INFO  testcases.Tc_003_validateLogintest_bydatadriven - driver is closing....
12:45:17.385 [main] INFO  testcases.Tc_003_validateLogintest_bydatadriven - Choose browser
12:45:20.077 [main] INFO  testcases.Tc_003_validateLogintest_bydatadriven - Application Url is opening......
12:46:29.280 [main] INFO  testcases.Tc_003_validateLogintest_bydatadriven - driver is closing....
12:54:20.999 [main] INFO  testcases.Tc_003_validateLogintest_bydatadriven - Choose browser
12:54:22.483 [main] INFO  testcases.Tc_003_validateLogintest_bydatadriven - Application Url is opening......
12:55:31.790 [main] INFO  testcases.Tc_003_validateLogintest_bydatadriven - driver is closing....
13:00:46.404 [main] INFO  testcases.Tc_003_validateLogintest_bydatadriven - Choose browser
13:00:48.053 [main] INFO  testcases.Tc_003_validateLogintest_bydatadriven - Application Url is opening......
13:01:58.261 [main] INFO  testcases.Tc_003_validateLogintest_bydatadriven - driver is closing....
13:04:40.645 [main] INFO  testcases.Tc_003_validateLogintest_bydatadriven - Choose browser
13:04:42.031 [main] INFO  testcases.Tc_003_validateLogintest_bydatadriven - Application Url is opening......
13:11:57.758 [main] INFO  testcases.Tc_003_validateLogintest_bydatadriven - Choose browser
13:11:59.157 [main] INFO  testcases.Tc_003_validateLogintest_bydatadriven - Application Url is opening......
13:13:08.629 [main] INFO  testcases.Tc_003_validateLogintest_bydatadriven - driver is closing....
13:23:29.854 [main] INFO  testcases.Tc_003_validateLogintest_bydatadriven - Choose browser
13:23:31.553 [main] INFO  testcases.Tc_003_validateLogintest_bydatadriven - Application Url is opening......
13:24:41.240 [main] INFO  testcases.Tc_003_validateLogintest_bydatadriven - driver is closing....
13:26:08.651 [main] INFO  testcases.Tc_003_validateLogintest_bydatadriven - Choose browser
13:26:10.084 [main] INFO  testcases.Tc_003_validateLogintest_bydatadriven - Application Url is opening......
13:27:18.168 [main] INFO  testcases.Tc_003_validateLogintest_bydatadriven - driver is closing....
13:27:41.835 [main] INFO  testcases.Tc_003_validateLogintest_bydatadriven - Choose browser
13:27:43.419 [main] INFO  testcases.Tc_003_validateLogintest_bydatadriven - Application Url is opening......
13:28:55.473 [main] INFO  testcases.Tc_003_validateLogintest_bydatadriven - Choose browser
13:28:56.867 [main] INFO  testcases.Tc_003_validateLogintest_bydatadriven - Application Url is opening......
13:29:57.806 [main] INFO  testcases.Tc_003_validateLogintest_bydatadriven - Choose browser
13:29:59.320 [main] INFO  testcases.Tc_003_validateLogintest_bydatadriven - Application Url is opening......
16:26:33.138 [main] INFO  testcases.Tc_003_validateLogintest_bydatadriven - Choose browser
16:26:36.152 [main] INFO  testcases.Tc_003_validateLogintest_bydatadriven - Application Url is opening......
16:27:55.014 [main] INFO  testcases.Tc_003_validateLogintest_bydatadriven - driver is closing....
16:41:09.337 [main] INFO  testcases.Tc_003_validateLogintest_bydatadriven - Choose browser
16:41:11.885 [main] INFO  testcases.Tc_003_validateLogintest_bydatadriven - Application Url is opening......
16:42:31.049 [main] INFO  testcases.Tc_003_validateLogintest_bydatadriven - driver is closing....
16:45:51.472 [main] INFO  testcases.Tc_003_validateLogintest_bydatadriven - Choose browser
16:45:53.879 [main] INFO  testcases.Tc_003_validateLogintest_bydatadriven - Application Url is opening......
16:47:11.539 [main] INFO  testcases.Tc_003_validateLogintest_bydatadriven - driver is closing....
17:01:57.277 [main] INFO  testcases.Tc_003_validateLogintest_bydatadriven - Choose browser
17:01:59.488 [main] INFO  testcases.Tc_003_validateLogintest_bydatadriven - Application Url is opening......
17:03:15.820 [main] INFO  testcases.Tc_003_validateLogintest_bydatadriven - driver is closing....
17:03:41.308 [main] INFO  testcases.Tc_003_validateLogintest_bydatadriven - Choose browser
17:03:43.844 [main] INFO  testcases.Tc_003_validateLogintest_bydatadriven - Application Url is opening......
17:39:19.765 [main] INFO  testcases.Tc_002_ValidateloginFunctionality - Choose browser
17:39:22.747 [main] INFO  testcases.Tc_002_ValidateloginFunctionality - Application Url is opening......
17:39:38.014 [main] INFO  testcases.Tc_002_ValidateloginFunctionality - driver is closing....
08:56:59.176 [main] INFO  testcases.Tc_002_ValidateloginFunctionality - Choose browser
08:57:03.040 [main] INFO  testcases.Tc_002_ValidateloginFunctionality - Application Url is opening......
08:57:23.758 [main] INFO  testcases.Tc_002_ValidateloginFunctionality - driver is closing....
08:58:33.458 [main] INFO  testcases.Tc_002_ValidateloginFunctionality - Choose browser
08:58:35.609 [main] INFO  testcases.Tc_002_ValidateloginFunctionality - Application Url is opening......
08:58:50.080 [main] INFO  testcases.Tc_002_ValidateloginFunctionality - driver is closing....
08:59:57.203 [main] INFO  testcases.Tc_002_ValidateloginFunctionality - Choose browser
08:59:59.323 [main] INFO  testcases.Tc_002_ValidateloginFunctionality - Application Url is opening......
09:00:12.897 [main] INFO  testcases.Tc_002_ValidateloginFunctionality - driver is closing....
09:32:21.118 [main] INFO  testcases.Tc_002_ValidateloginFunctionality - Choose browser
09:32:24.903 [main] INFO  testcases.Tc_002_ValidateloginFunctionality - Application Url is opening......
09:32:41.000 [main] INFO  testcases.Tc_002_ValidateloginFunctionality - driver is closing....
09:35:58.853 [main] INFO  testcases.Tc_002_ValidateloginFunctionality - Choose browser
09:36:01.229 [main] INFO  testcases.Tc_002_ValidateloginFunctionality - Application Url is opening......
09:36:14.898 [main] INFO  testcases.Tc_002_ValidateloginFunctionality - driver is closing....
09:39:20.814 [main] INFO  testcases.Tc_002_ValidateloginFunctionality - Choose browser
09:39:22.994 [main] INFO  testcases.Tc_002_ValidateloginFunctionality - Application Url is opening......
09:39:36.963 [main] INFO  testcases.Tc_002_ValidateloginFunctionality - driver is closing....
09:41:58.087 [main] INFO  testcases.Tc_002_ValidateloginFunctionality - Choose browser
09:42:00.170 [main] INFO  testcases.Tc_002_ValidateloginFunctionality - Application Url is opening......
09:42:14.621 [main] INFO  testcases.Tc_002_ValidateloginFunctionality - driver is closing....
09:44:07.518 [main] INFO  testcases.Tc_002_ValidateloginFunctionality - Choose browser
09:44:09.531 [main] INFO  testcases.Tc_002_ValidateloginFunctionality - Application Url is opening......
09:44:24.521 [main] INFO  testcases.Tc_002_ValidateloginFunctionality - driver is closing....
09:46:07.028 [main] INFO  testcases.Tc_002_ValidateloginFunctionality - Choose browser
09:46:09.072 [main] INFO  testcases.Tc_002_ValidateloginFunctionality - Application Url is opening......
09:46:12.561 [main] INFO  testcases.Tc_002_ValidateloginFunctionality - driver is closing....
09:47:16.635 [main] INFO  testcases.Tc_002_ValidateloginFunctionality - Choose browser
09:47:18.655 [main] INFO  testcases.Tc_002_ValidateloginFunctionality - Application Url is opening......
09:47:32.903 [main] INFO  testcases.Tc_002_ValidateloginFunctionality - driver is closing....
09:52:16.124 [main] INFO  testcases.Tc_002_ValidateloginFunctionality - Choose browser
09:52:18.853 [main] INFO  testcases.Tc_002_ValidateloginFunctionality - Application Url is opening......
09:52:33.566 [main] INFO  testcases.Tc_002_ValidateloginFunctionality - driver is closing....
09:57:29.200 [main] INFO  testcases.Tc_002_ValidateloginFunctionality - Choose browser
09:57:33.550 [main] INFO  testcases.Tc_002_ValidateloginFunctionality - Application Url is opening......
09:57:50.548 [main] INFO  testcases.Tc_002_ValidateloginFunctionality - driver is closing....
10:13:48.200 [main] INFO  testcases.Tc_002_ValidateloginFunctionality - Choose browser
10:13:51.492 [main] INFO  testcases.Tc_002_ValidateloginFunctionality - Application Url is opening......
10:14:06.306 [main] INFO  testcases.Tc_002_ValidateloginFunctionality - driver is closing....
10:15:28.540 [main] INFO  testcases.Tc_002_ValidateloginFunctionality - Choose browser
10:15:30.751 [main] INFO  testcases.Tc_002_ValidateloginFunctionality - Application Url is opening......
10:15:44.585 [main] INFO  testcases.Tc_002_ValidateloginFunctionality - driver is closing....
10:15:44.797 [main] INFO  testcases.Tc_001_ValidateAccountRegestration - Choose browser
10:15:46.313 [main] INFO  testcases.Tc_001_ValidateAccountRegestration - Application Url is opening......
10:15:47.208 [main] INFO  testcases.Tc_001_ValidateAccountRegestration - Home page is opened
10:15:47.955 [main] INFO  testcases.Tc_001_ValidateAccountRegestration - Regestration page willm open
10:15:48.035 [main] INFO  testcases.Tc_001_ValidateAccountRegestration - Provide customer details
10:15:48.429 [main] INFO  testcases.Tc_001_ValidateAccountRegestration - Click Continue nutton
10:15:59.436 [main] ERROR testcases.Tc_001_ValidateAccountRegestration - test fail
10:15:59.717 [main] INFO  testcases.Tc_001_ValidateAccountRegestration - driver is closing....
10:16:47.748 [main] INFO  testcases.Tc_002_ValidateloginFunctionality - Choose browser
10:16:49.296 [main] INFO  testcases.Tc_002_ValidateloginFunctionality - Application Url is opening......
10:17:01.558 [main] INFO  testcases.Tc_002_ValidateloginFunctionality - driver is closing....
10:17:01.751 [main] INFO  testcases.Tc_001_ValidateAccountRegestration - Choose browser
10:17:03.004 [main] INFO  testcases.Tc_001_ValidateAccountRegestration - Application Url is opening......
10:17:03.907 [main] INFO  testcases.Tc_001_ValidateAccountRegestration - Home page is opened
10:17:05.301 [main] INFO  testcases.Tc_001_ValidateAccountRegestration - Regestration page willm open
10:17:05.324 [main] INFO  testcases.Tc_001_ValidateAccountRegestration - Provide customer details
10:17:05.772 [main] INFO  testcases.Tc_001_ValidateAccountRegestration - Click Continue nutton
10:17:16.629 [main] ERROR testcases.Tc_001_ValidateAccountRegestration - test fail
10:17:16.753 [main] INFO  testcases.Tc_001_ValidateAccountRegestration - driver is closing....
10:18:13.464 [main] INFO  testcases.Tc_002_ValidateloginFunctionality - Choose browser
10:18:15.066 [main] INFO  testcases.Tc_002_ValidateloginFunctionality - Application Url is opening......
10:18:28.068 [main] INFO  testcases.Tc_002_ValidateloginFunctionality - driver is closing....
10:18:28.280 [main] INFO  testcases.Tc_001_ValidateAccountRegestration - Choose browser
10:18:29.441 [main] INFO  testcases.Tc_001_ValidateAccountRegestration - Application Url is opening......
10:18:30.200 [main] INFO  testcases.Tc_001_ValidateAccountRegestration - Home page is opened
10:18:31.516 [main] INFO  testcases.Tc_001_ValidateAccountRegestration - Regestration page willm open
10:18:31.518 [main] INFO  testcases.Tc_001_ValidateAccountRegestration - Provide customer details
10:18:31.947 [main] INFO  testcases.Tc_001_ValidateAccountRegestration - Click Continue nutton
10:18:43.080 [main] ERROR testcases.Tc_001_ValidateAccountRegestration - test fail
10:18:43.246 [main] INFO  testcases.Tc_001_ValidateAccountRegestration - driver is closing....
10:21:02.957 [main] INFO  testcases.Tc_002_ValidateloginFunctionality - Choose browser
10:21:04.640 [main] INFO  testcases.Tc_002_ValidateloginFunctionality - Application Url is opening......
10:21:08.018 [main] INFO  testcases.Tc_002_ValidateloginFunctionality - driver is closing....
10:21:08.194 [main] INFO  testcases.Tc_001_ValidateAccountRegestration - Choose browser
10:21:09.305 [main] INFO  testcases.Tc_001_ValidateAccountRegestration - Application Url is opening......
10:21:10.243 [main] INFO  testcases.Tc_001_ValidateAccountRegestration - Home page is opened
10:21:10.933 [main] INFO  testcases.Tc_001_ValidateAccountRegestration - Regestration page willm open
10:21:10.936 [main] INFO  testcases.Tc_001_ValidateAccountRegestration - Provide customer details
10:21:11.360 [main] INFO  testcases.Tc_001_ValidateAccountRegestration - Click Continue nutton
10:21:22.564 [main] ERROR testcases.Tc_001_ValidateAccountRegestration - test fail
10:21:22.712 [main] INFO  testcases.Tc_001_ValidateAccountRegestration - driver is closing....
10:23:26.320 [main] INFO  testcases.Tc_003_validateLogintest_bydatadriven - Choose browser
10:23:27.982 [main] INFO  testcases.Tc_003_validateLogintest_bydatadriven - Application Url is opening......
10:24:29.058 [main] INFO  testcases.Tc_003_validateLogintest_bydatadriven - driver is closing....
10:53:14.371 [main] INFO  testcases.Tc_003_validateLogintest_bydatadriven - Choose browser
10:53:18.555 [main] INFO  testcases.Tc_003_validateLogintest_bydatadriven - Application Url is opening......
10:54:20.337 [main] INFO  testcases.Tc_003_validateLogintest_bydatadriven - driver is closing....
10:56:41.965 [main] INFO  testcases.Tc_002_ValidateloginFunctionality - Choose browser
10:56:43.486 [main] INFO  testcases.Tc_002_ValidateloginFunctionality - Application Url is opening......
10:56:45.512 [main] INFO  testcases.Tc_002_ValidateloginFunctionality - driver is closing....
10:57:36.784 [main] INFO  testcases.Tc_002_ValidateloginFunctionality - Choose browser
10:57:38.128 [main] INFO  testcases.Tc_002_ValidateloginFunctionality - Application Url is opening......
10:57:41.711 [main] INFO  testcases.Tc_002_ValidateloginFunctionality - driver is closing....
11:07:14.787 [main] INFO  testcases.Tc_001_ValidateAccountRegestration - Choose browser
11:07:20.291 [main] INFO  testcases.Tc_001_ValidateAccountRegestration - Application Url is opening......
11:07:28.088 [main] INFO  testcases.Tc_001_ValidateAccountRegestration - Home page is opened
11:07:29.654 [main] INFO  testcases.Tc_001_ValidateAccountRegestration - Regestration page willm open
11:07:29.676 [main] INFO  testcases.Tc_001_ValidateAccountRegestration - Provide customer details
11:07:30.692 [main] INFO  testcases.Tc_001_ValidateAccountRegestration - Click Continue nutton
11:07:41.738 [main] ERROR testcases.Tc_001_ValidateAccountRegestration - test fail
11:07:42.169 [main] INFO  testcases.Tc_001_ValidateAccountRegestration - driver is closing....
11:07:42.396 [main] INFO  testcases.Tc_002_ValidateloginFunctionality - Choose browser
11:07:44.353 [main] INFO  testcases.Tc_002_ValidateloginFunctionality - Application Url is opening......
11:07:49.950 [main] INFO  testcases.Tc_002_ValidateloginFunctionality - driver is closing....
11:09:04.758 [main] INFO  testcases.Tc_001_ValidateAccountRegestration - Choose browser
11:09:07.622 [main] INFO  testcases.Tc_001_ValidateAccountRegestration - Application Url is opening......
11:09:08.843 [main] INFO  testcases.Tc_001_ValidateAccountRegestration - Home page is opened
11:09:10.298 [main] INFO  testcases.Tc_001_ValidateAccountRegestration - Regestration page willm open
11:09:10.306 [main] INFO  testcases.Tc_001_ValidateAccountRegestration - Provide customer details
11:09:11.298 [main] INFO  testcases.Tc_001_ValidateAccountRegestration - Click Continue nutton
11:09:22.183 [main] ERROR testcases.Tc_001_ValidateAccountRegestration - test fail
11:09:22.495 [main] INFO  testcases.Tc_001_ValidateAccountRegestration - driver is closing....
11:09:22.778 [main] INFO  testcases.Tc_002_ValidateloginFunctionality - Choose browser
11:09:24.539 [main] INFO  testcases.Tc_002_ValidateloginFunctionality - Application Url is opening......
11:09:29.375 [main] INFO  testcases.Tc_002_ValidateloginFunctionality - driver is closing....
11:10:26.038 [main] INFO  testcases.Tc_001_ValidateAccountRegestration - Choose browser
11:10:28.032 [main] INFO  testcases.Tc_001_ValidateAccountRegestration - Application Url is opening......
11:10:29.608 [main] INFO  testcases.Tc_001_ValidateAccountRegestration - Home page is opened
11:10:30.749 [main] INFO  testcases.Tc_001_ValidateAccountRegestration - Regestration page willm open
11:10:30.754 [main] INFO  testcases.Tc_001_ValidateAccountRegestration - Provide customer details
11:10:31.638 [main] INFO  testcases.Tc_001_ValidateAccountRegestration - Click Continue nutton
11:10:42.399 [main] ERROR testcases.Tc_001_ValidateAccountRegestration - test fail
11:10:42.622 [main] INFO  testcases.Tc_001_ValidateAccountRegestration - driver is closing....
11:10:42.821 [main] INFO  testcases.Tc_002_ValidateloginFunctionality - Choose browser
11:10:44.672 [main] INFO  testcases.Tc_002_ValidateloginFunctionality - Application Url is opening......
11:10:49.803 [main] INFO  testcases.Tc_002_ValidateloginFunctionality - driver is closing....
11:13:45.328 [main] INFO  testcases.Tc_001_ValidateAccountRegestration - Choose browser
11:13:47.608 [main] INFO  testcases.Tc_001_ValidateAccountRegestration - Application Url is opening......
11:13:49.887 [main] INFO  testcases.Tc_001_ValidateAccountRegestration - Home page is opened
11:13:50.612 [main] INFO  testcases.Tc_001_ValidateAccountRegestration - Regestration page willm open
11:13:50.618 [main] INFO  testcases.Tc_001_ValidateAccountRegestration - Provide customer details
11:13:51.501 [main] INFO  testcases.Tc_001_ValidateAccountRegestration - Click Continue nutton
11:14:02.199 [main] ERROR testcases.Tc_001_ValidateAccountRegestration - test fail
11:14:02.426 [main] INFO  testcases.Tc_001_ValidateAccountRegestration - driver is closing....
11:14:02.664 [main] INFO  testcases.Tc_002_ValidateloginFunctionality - Choose browser
11:14:04.151 [main] INFO  testcases.Tc_002_ValidateloginFunctionality - Application Url is opening......
11:14:08.486 [main] INFO  testcases.Tc_002_ValidateloginFunctionality - driver is closing....
